<?xml version="1.0" encoding="UTF-8"?>
<!-- Generated by org.testng.reporters.JUnitReportReporter -->
<testsuite hostname="Cliyona" failures="0" tests="1" name="TestPkg.WehoSignUpTest" time="24.052" errors="0" timestamp="2024-08-08T17:19:12 IST" skipped="0">
  <testcase classname="TestPkg.WehoSignUpTest" name="testlogin" time="24.052"/>
</testsuite> <!-- TestPkg.WehoSignUpTest -->
