<?xml version="1.0" encoding="UTF-8"?>
<!-- Generated by org.testng.reporters.JUnitReportReporter -->
<testsuite hostname="Cliyona" failures="0" tests="1" name="TestPkg.AgdLogintest" time="3.342" errors="0" timestamp="2024-08-07T11:23:33 IST" skipped="0">
  <testcase classname="TestPkg.AgdLogintest" name="testlogin" time="3.342"/>
</testsuite> <!-- TestPkg.AgdLogintest -->
