<?xml version="1.0" encoding="UTF-8"?>
<!-- Generated by org.testng.reporters.JUnitReportReporter -->
<testsuite hostname="Cliyona" failures="0" tests="1" name="TestPkg.RegisterTest" time="26.216" errors="0" timestamp="2024-08-09T12:31:41 IST" skipped="0">
  <testcase classname="TestPkg.RegisterTest" name="testlogin" time="26.216"/>
</testsuite> <!-- TestPkg.RegisterTest -->
