<?xml version="1.0" encoding="UTF-8"?>
<!-- Generated by org.testng.reporters.JUnitReportReporter -->
<testsuite hostname="Cliyona" failures="0" tests="1" name="TestPkg.Menutest" time="47.513" errors="0" timestamp="2024-08-19T05:43:07 IST" skipped="0">
  <testcase classname="TestPkg.Menutest" name="testFlight" time="47.513"/>
</testsuite> <!-- TestPkg.Menutest -->
