<?xml version="1.0" encoding="UTF-8"?>
<!-- Generated by org.testng.reporters.JUnitReportReporter -->
<testsuite hostname="Cliyona" failures="0" tests="3" name="TestPkg.HomePageTest" time="99.726" errors="0" timestamp="2024-09-11T09:23:20 IST" skipped="0">
  <testcase classname="TestPkg.HomePageTest" name="Home" time="50.993"/>
  <testcase classname="TestPkg.HomePageTest" name="TripIdeas" time="23.646"/>
  <testcase classname="TestPkg.HomePageTest" name="TripMenus" time="25.087"/>
</testsuite> <!-- TestPkg.HomePageTest -->
