<?xml version="1.0" encoding="UTF-8"?>
<!-- Generated by org.testng.reporters.JUnitReportReporter -->
<testsuite hostname="Cliyona" failures="0" tests="1" name="TestPkg.WegoSignInTest" time="0.271" errors="0" timestamp="2024-08-09T08:41:08 IST" skipped="0">
  <testcase classname="TestPkg.WegoSignInTest" name="testlogin" time="0.271"/>
</testsuite> <!-- TestPkg.WegoSignInTest -->
