<?xml version="1.0" encoding="UTF-8"?>
<!-- Generated by org.testng.reporters.JUnitReportReporter -->
<testsuite hostname="Cliyona" failures="0" tests="3" name="TestPkg.SearchTest" time="75.399" errors="0" timestamp="2024-09-11T08:10:42 IST" skipped="0">
  <testcase classname="TestPkg.SearchTest" name="testFlight" time="23.951"/>
  <testcase classname="TestPkg.SearchTest" name="testHotel" time="24.342"/>
  <testcase classname="TestPkg.SearchTest" name="testTrain" time="27.106"/>
</testsuite> <!-- TestPkg.SearchTest -->
