<?xml version="1.0" encoding="UTF-8"?>
<!-- Generated by org.testng.reporters.JUnitReportReporter -->
<testsuite hostname="Cliyona" failures="0" tests="2" name="TestPkg.FlightSearchTest" time="53.192" errors="0" timestamp="2024-08-17T17:01:58 IST" skipped="0">
  <testcase classname="TestPkg.FlightSearchTest" name="testFlight" time="27.448"/>
  <testcase classname="TestPkg.FlightSearchTest" name="testHotel" time="25.744"/>
</testsuite> <!-- TestPkg.FlightSearchTest -->
