<?xml version="1.0" encoding="UTF-8"?>
<!-- Generated by org.testng.reporters.JUnitReportReporter -->
<testsuite hostname="Cliyona" failures="0" tests="1" name="TestPkg.RegisterTest" time="30.547" errors="0" timestamp="2024-09-11T08:11:31 IST" skipped="0">
  <testcase classname="TestPkg.RegisterTest" name="testregister" time="30.547"/>
</testsuite> <!-- TestPkg.RegisterTest -->
