<?xml version="1.0" encoding="UTF-8"?>
<!-- Generated by org.testng.reporters.JUnitReportReporter -->
<testsuite hostname="Cliyona" failures="0" tests="1" name="TestPkg.AgdSignIntest" time="24.247" errors="0" timestamp="2024-08-08T11:27:35 IST" skipped="0">
  <testcase classname="TestPkg.AgdSignIntest" name="testlogin" time="24.247"/>
</testsuite> <!-- TestPkg.AgdSignIntest -->
