<?xml version="1.0" encoding="UTF-8"?>
<!-- Generated by org.testng.reporters.JUnitReportReporter -->
<testsuite hostname="Cliyona" failures="0" tests="1" name="TestPkg.TrainTest" time="31.972" errors="0" timestamp="2024-08-19T13:03:15 IST" skipped="0">
  <testcase classname="TestPkg.TrainTest" name="testTrain" time="31.972"/>
</testsuite> <!-- TestPkg.TrainTest -->
