<?xml version="1.0" encoding="UTF-8"?>
<!-- Generated by org.testng.reporters.JUnitReportReporter -->
<testsuite hostname="Cliyona" failures="0" tests="1" name="TestPkg.WegoSignUpTest" time="69.747" errors="0" timestamp="2024-08-09T09:11:58 IST" skipped="0">
  <testcase classname="TestPkg.WegoSignUpTest" name="testlogin" time="69.747"/>
</testsuite> <!-- TestPkg.WegoSignUpTest -->
